0 info it worked if it ends with ok
1 verbose cli [ '/Users/ttaylor/.nvm/versions/node/v6.12.3/bin/node',
1 verbose cli   '/Users/ttaylor/.nvm/versions/node/v6.12.3/bin/npm',
1 verbose cli   'run',
1 verbose cli   'test' ]
2 info using npm@3.10.10
3 info using node@v6.12.3
4 verbose run-script [ 'pretest', 'test', 'posttest' ]
5 info lifecycle algosdk@1.1.1~pretest: algosdk@1.1.1
6 silly lifecycle algosdk@1.1.1~pretest: no script for pretest, continuing
7 info lifecycle algosdk@1.1.1~test: algosdk@1.1.1
8 verbose lifecycle algosdk@1.1.1~test: unsafe-perm in lifecycle true
9 verbose lifecycle algosdk@1.1.1~test: PATH: /Users/ttaylor/.nvm/versions/node/v6.12.3/lib/node_modules/npm/bin/node-gyp-bin:/Users/ttaylor/algorand/js-algorand-sdk/node_modules/.bin:/Users/ttaylor/Library/Python/2.7/bin:/Applications/Visual Studio Code.app/Contents/Resources/app/bin:/Users/ttaylor/bin:/Users/ttaylor/.nvm/versions/node/v6.12.3/bin:/usr/local/bin:/usr/bin:/bin:/usr/sbin:/sbin
10 verbose lifecycle algosdk@1.1.1~test: CWD: /Users/ttaylor/algorand/js-algorand-sdk
11 silly lifecycle algosdk@1.1.1~test: Args: [ '-c', 'mocha -R spec tests/' ]
12 silly lifecycle algosdk@1.1.1~test: Returned: code: 1  signal: null
13 info lifecycle algosdk@1.1.1~test: Failed to exec test script
14 verbose stack Error: algosdk@1.1.1 test: `mocha -R spec tests/`
14 verbose stack Exit status 1
14 verbose stack     at EventEmitter.<anonymous> (/Users/ttaylor/.nvm/versions/node/v6.12.3/lib/node_modules/npm/lib/utils/lifecycle.js:255:16)
14 verbose stack     at emitTwo (events.js:106:13)
14 verbose stack     at EventEmitter.emit (events.js:191:7)
14 verbose stack     at ChildProcess.<anonymous> (/Users/ttaylor/.nvm/versions/node/v6.12.3/lib/node_modules/npm/lib/utils/spawn.js:40:14)
14 verbose stack     at emitTwo (events.js:106:13)
14 verbose stack     at ChildProcess.emit (events.js:191:7)
14 verbose stack     at maybeClose (internal/child_process.js:920:16)
14 verbose stack     at Process.ChildProcess._handle.onexit (internal/child_process.js:230:5)
15 verbose pkgid algosdk@1.1.1
16 verbose cwd /Users/ttaylor/algorand/js-algorand-sdk
17 error Darwin 18.6.0
18 error argv "/Users/ttaylor/.nvm/versions/node/v6.12.3/bin/node" "/Users/ttaylor/.nvm/versions/node/v6.12.3/bin/npm" "run" "test"
19 error node v6.12.3
20 error npm  v3.10.10
21 error code ELIFECYCLE
22 error algosdk@1.1.1 test: `mocha -R spec tests/`
22 error Exit status 1
23 error Failed at the algosdk@1.1.1 test script 'mocha -R spec tests/'.
23 error Make sure you have the latest version of node.js and npm installed.
23 error If you do, this is most likely a problem with the algosdk package,
23 error not with npm itself.
23 error Tell the author that this fails on your system:
23 error     mocha -R spec tests/
23 error You can get information on how to open an issue for this project with:
23 error     npm bugs algosdk
23 error Or if that isn't available, you can get their info via:
23 error     npm owner ls algosdk
23 error There is likely additional logging output above.
24 verbose exit [ 1, true ]
